<?xml version="1.0" encoding="UTF-8"?>
<robot generator="Robot 7.0.1 (Python 3.12.6 on darwin)" generated="2024-10-14T22:00:39.444977" rpa="false" schemaversion="5">
<suite id="s1" name="FutureSkillRegis" source="/Users/a007377/Documents/Project/FutureSkill_Robot/testscript/FutureSkillRegis.robot">
<kw name="Open Browser" owner="SeleniumLibrary" type="SETUP">
<msg time="2024-10-14T22:00:39.508199" level="INFO">Opening browser 'chrome' to base url 'https://futureskill.co/'.</msg>
<arg>${baseUrl}</arg>
<arg>chrome</arg>
<doc>Opens a new browser instance to the optional ``url``.</doc>
<status status="PASS" start="2024-10-14T22:00:39.508091" elapsed="1.460925"/>
</kw>
<test id="s1-t1" name="As a user, I want to register FutureSkill" line="13">
<kw name="Maximize Browser Window" owner="SeleniumLibrary" type="SETUP">
<doc>Maximizes current browser window.</doc>
<status status="PASS" start="2024-10-14T22:00:40.969970" elapsed="0.313916"/>
</kw>
<kw name="FutureSkill page should display homepage and display message as &quot;สมัครสมาชิก&quot;" owner="HomePage" source_name="FutureSkill page should display homepage and display message as &quot;${expected_text}&quot;">
<kw name="Wait until element is ready then verify text" owner="Common">
<kw name="Wait Until Keyword Succeeds" owner="BuiltIn">
<kw name="Page Should Contain" owner="SeleniumLibrary">
<msg time="2024-10-14T22:00:41.479178" level="INFO" html="true">&lt;/td&gt;&lt;/tr&gt;&lt;tr&gt;&lt;td colspan="3"&gt;&lt;a href="selenium-screenshot-1.png"&gt;&lt;img src="selenium-screenshot-1.png" width="800px"&gt;&lt;/a&gt;</msg>
<msg time="2024-10-14T22:00:41.479429" level="FAIL">Page should have contained text 'สมัครสมาชิก' but did not.</msg>
<arg>${locator}</arg>
<doc>Verifies that current page contains ``text``.</doc>
<status status="FAIL" start="2024-10-14T22:00:41.284846" elapsed="0.195739">Page should have contained text 'สมัครสมาชิก' but did not.</status>
</kw>
<kw name="Page Should Contain" owner="SeleniumLibrary">
<msg time="2024-10-14T22:00:43.495312" level="INFO">Current page contains text 'สมัครสมาชิก'.</msg>
<arg>${locator}</arg>
<doc>Verifies that current page contains ``text``.</doc>
<status status="PASS" start="2024-10-14T22:00:43.481944" elapsed="0.013465"/>
</kw>
<arg>5x</arg>
<arg>2s</arg>
<arg>Page Should Contain</arg>
<arg>${locator}</arg>
<doc>Runs the specified keyword and retries if it fails.</doc>
<status status="PASS" start="2024-10-14T22:00:41.284713" elapsed="2.210772"/>
</kw>
<arg>${expected_text}</arg>
<status status="PASS" start="2024-10-14T22:00:41.284396" elapsed="2.211170"/>
</kw>
<status status="PASS" start="2024-10-14T22:00:41.284194" elapsed="2.211426"/>
</kw>
<kw name="User click register button and enter the information then click submit" owner="RegisterPage">
<kw name="Wait until element is ready then click element" owner="Common">
<kw name="Wait Until Keyword Succeeds" owner="BuiltIn">
<kw name="Click Element" owner="SeleniumLibrary">
<msg time="2024-10-14T22:00:43.497224" level="INFO">Clicking element '//button[contains(text(), "สมัครสมาชิก")]'.</msg>
<arg>${locator}</arg>
<doc>Click the element identified by ``locator``.</doc>
<status status="PASS" start="2024-10-14T22:00:43.496883" elapsed="0.775285"/>
</kw>
<arg>5x</arg>
<arg>2s</arg>
<arg>Click Element</arg>
<arg>${locator}</arg>
<doc>Runs the specified keyword and retries if it fails.</doc>
<status status="PASS" start="2024-10-14T22:00:43.496605" elapsed="0.775627"/>
</kw>
<arg>//button[contains(text(), "สมัครสมาชิก")]</arg>
<status status="PASS" start="2024-10-14T22:00:43.496388" elapsed="0.775914"/>
</kw>
<kw name="Wait until element is ready then input text" owner="Common">
<kw name="Wait Until Keyword Succeeds" owner="BuiltIn">
<kw name="Input Text" owner="SeleniumLibrary">
<msg time="2024-10-14T22:00:44.272970" level="INFO">Typing text 'Get_1234@gmail.com' into text field 'name=email'.</msg>
<arg>${locator}</arg>
<arg>${text}</arg>
<doc>Types the given ``text`` into the text field identified by ``locator``.</doc>
<status status="PASS" start="2024-10-14T22:00:44.272841" elapsed="0.223938"/>
</kw>
<arg>5x</arg>
<arg>2s</arg>
<arg>input text</arg>
<arg>${locator}</arg>
<arg>${text}</arg>
<doc>Runs the specified keyword and retries if it fails.</doc>
<status status="PASS" start="2024-10-14T22:00:44.272720" elapsed="0.224210"/>
</kw>
<arg>name=email</arg>
<arg>${email}</arg>
<status status="PASS" start="2024-10-14T22:00:44.272507" elapsed="0.224578"/>
</kw>
<kw name="Wait until element is ready then input text" owner="Common">
<kw name="Wait Until Keyword Succeeds" owner="BuiltIn">
<kw name="Input Text" owner="SeleniumLibrary">
<msg time="2024-10-14T22:00:44.497694" level="INFO">Typing text 'Nophasit' into text field 'name=firstName'.</msg>
<arg>${locator}</arg>
<arg>${text}</arg>
<doc>Types the given ``text`` into the text field identified by ``locator``.</doc>
<status status="PASS" start="2024-10-14T22:00:44.497569" elapsed="0.038879"/>
</kw>
<arg>5x</arg>
<arg>2s</arg>
<arg>input text</arg>
<arg>${locator}</arg>
<arg>${text}</arg>
<doc>Runs the specified keyword and retries if it fails.</doc>
<status status="PASS" start="2024-10-14T22:00:44.497440" elapsed="0.039082"/>
</kw>
<arg>name=firstName</arg>
<arg>${firstName}</arg>
<status status="PASS" start="2024-10-14T22:00:44.497251" elapsed="0.039336"/>
</kw>
<kw name="Wait until element is ready then input text" owner="Common">
<kw name="Wait Until Keyword Succeeds" owner="BuiltIn">
<kw name="Input Text" owner="SeleniumLibrary">
<msg time="2024-10-14T22:00:44.537483" level="INFO">Typing text 'Suwannathan' into text field 'name=lastName'.</msg>
<arg>${locator}</arg>
<arg>${text}</arg>
<doc>Types the given ``text`` into the text field identified by ``locator``.</doc>
<status status="PASS" start="2024-10-14T22:00:44.537339" elapsed="0.044111"/>
</kw>
<arg>5x</arg>
<arg>2s</arg>
<arg>input text</arg>
<arg>${locator}</arg>
<arg>${text}</arg>
<doc>Runs the specified keyword and retries if it fails.</doc>
<status status="PASS" start="2024-10-14T22:00:44.537153" elapsed="0.044370"/>
</kw>
<arg>name=lastName</arg>
<arg>${lastName}</arg>
<status status="PASS" start="2024-10-14T22:00:44.536776" elapsed="0.044795"/>
</kw>
<kw name="Wait until element is ready then input text" owner="Common">
<kw name="Wait Until Keyword Succeeds" owner="BuiltIn">
<kw name="Input Text" owner="SeleniumLibrary">
<msg time="2024-10-14T22:00:44.582313" level="INFO">Typing text '0858220023' into text field 'name=phoneNumber'.</msg>
<arg>${locator}</arg>
<arg>${text}</arg>
<doc>Types the given ``text`` into the text field identified by ``locator``.</doc>
<status status="PASS" start="2024-10-14T22:00:44.582036" elapsed="0.045270"/>
</kw>
<arg>5x</arg>
<arg>2s</arg>
<arg>input text</arg>
<arg>${locator}</arg>
<arg>${text}</arg>
<doc>Runs the specified keyword and retries if it fails.</doc>
<status status="PASS" start="2024-10-14T22:00:44.581924" elapsed="0.045458"/>
</kw>
<arg>name=phoneNumber</arg>
<arg>${phoneNumber}</arg>
<status status="PASS" start="2024-10-14T22:00:44.581707" elapsed="0.045719"/>
</kw>
<kw name="Wait until element is ready then input text" owner="Common">
<kw name="Wait Until Keyword Succeeds" owner="BuiltIn">
<kw name="Input Text" owner="SeleniumLibrary">
<msg time="2024-10-14T22:00:44.627972" level="INFO">Typing text 'Get123456' into text field 'name=newPassword'.</msg>
<arg>${locator}</arg>
<arg>${text}</arg>
<doc>Types the given ``text`` into the text field identified by ``locator``.</doc>
<status status="PASS" start="2024-10-14T22:00:44.627868" elapsed="0.065690"/>
</kw>
<arg>5x</arg>
<arg>2s</arg>
<arg>input text</arg>
<arg>${locator}</arg>
<arg>${text}</arg>
<doc>Runs the specified keyword and retries if it fails.</doc>
<status status="PASS" start="2024-10-14T22:00:44.627765" elapsed="0.065893"/>
</kw>
<arg>name=newPassword</arg>
<arg>${password}</arg>
<status status="PASS" start="2024-10-14T22:00:44.627561" elapsed="0.066162"/>
</kw>
<kw name="Wait until element is ready then input text" owner="Common">
<kw name="Wait Until Keyword Succeeds" owner="BuiltIn">
<kw name="Input Text" owner="SeleniumLibrary">
<msg time="2024-10-14T22:00:44.694505" level="INFO">Typing text 'Get123456' into text field 'name=confirmPassword'.</msg>
<arg>${locator}</arg>
<arg>${text}</arg>
<doc>Types the given ``text`` into the text field identified by ``locator``.</doc>
<status status="PASS" start="2024-10-14T22:00:44.694370" elapsed="0.043403"/>
</kw>
<arg>5x</arg>
<arg>2s</arg>
<arg>input text</arg>
<arg>${locator}</arg>
<arg>${text}</arg>
<doc>Runs the specified keyword and retries if it fails.</doc>
<status status="PASS" start="2024-10-14T22:00:44.694043" elapsed="0.043801"/>
</kw>
<arg>name=confirmPassword</arg>
<arg>${password}</arg>
<status status="PASS" start="2024-10-14T22:00:44.693846" elapsed="0.044047"/>
</kw>
<kw name="Wait until element is ready then select checkbox" owner="Common">
<kw name="Wait Until Keyword Succeeds" owner="BuiltIn">
<kw name="Select Checkbox" owner="SeleniumLibrary">
<msg time="2024-10-14T22:00:44.738598" level="INFO">Selecting checkbox 'name=consent'.</msg>
<arg>${locator}</arg>
<doc>Selects the checkbox identified by ``locator``.</doc>
<status status="PASS" start="2024-10-14T22:00:44.738456" elapsed="0.051432"/>
</kw>
<arg>5x</arg>
<arg>2s</arg>
<arg>Select Checkbox</arg>
<arg>${locator}</arg>
<doc>Runs the specified keyword and retries if it fails.</doc>
<status status="PASS" start="2024-10-14T22:00:44.738222" elapsed="0.051728"/>
</kw>
<arg>name=consent</arg>
<status status="PASS" start="2024-10-14T22:00:44.738022" elapsed="0.051969"/>
</kw>
<kw name="Wait until element is ready then click element" owner="Common">
<kw name="Wait Until Keyword Succeeds" owner="BuiltIn">
<kw name="Click Element" owner="SeleniumLibrary">
<msg time="2024-10-14T22:00:44.790540" level="INFO">Clicking element '//button[contains(text(), "สมัครสมาชิก")]'.</msg>
<arg>${locator}</arg>
<doc>Click the element identified by ``locator``.</doc>
<status status="PASS" start="2024-10-14T22:00:44.790429" elapsed="0.039253"/>
</kw>
<arg>5x</arg>
<arg>2s</arg>
<arg>Click Element</arg>
<arg>${locator}</arg>
<doc>Runs the specified keyword and retries if it fails.</doc>
<status status="PASS" start="2024-10-14T22:00:44.790325" elapsed="0.039434"/>
</kw>
<arg>//button[contains(text(), "สมัครสมาชิก")]</arg>
<status status="PASS" start="2024-10-14T22:00:44.790147" elapsed="0.039653"/>
</kw>
<status status="PASS" start="2024-10-14T22:00:43.496014" elapsed="1.333812"/>
</kw>
<kw name="After registeration, page display the OTP sending to phone message as &quot;ระบบได้ส่งรหัส OTP ไปยังเบอร์โทรศัพท์&quot;" owner="OtpPage" source_name="After registeration, page display the OTP sending to phone message as &quot;${expected_text}&quot;">
<kw name="Wait until element is ready then verify text" owner="Common">
<kw name="Wait Until Keyword Succeeds" owner="BuiltIn">
<kw name="Page Should Contain" owner="SeleniumLibrary">
<msg time="2024-10-14T22:00:45.139904" level="INFO" html="true">&lt;/td&gt;&lt;/tr&gt;&lt;tr&gt;&lt;td colspan="3"&gt;&lt;a href="selenium-screenshot-2.png"&gt;&lt;img src="selenium-screenshot-2.png" width="800px"&gt;&lt;/a&gt;</msg>
<msg time="2024-10-14T22:00:45.140050" level="FAIL">StaleElementReferenceException: Message: stale element reference: stale element not found in the current frame
  (Session info: chrome=129.0.6668.101); For documentation on this error, please visit: https://www.selenium.dev/documentation/webdriver/troubleshooting/errors#stale-element-reference-exception
Stacktrace:
0   chromedriver                        0x0000000104eac274 cxxbridge1$str$ptr + 1907280
1   chromedriver                        0x0000000104ea475c cxxbridge1$str$ptr + 1875768
2   chromedriver                        0x0000000104ab8260 cxxbridge1$string$len + 89488
3   chromedriver                        0x0000000104abd34c cxxbridge1$string$len + 110204
4   chromedriver                        0x0000000104abeabc cxxbridge1$string$len + 116204
5   chromedriver                        0x0000000104abeb34 cxxbridge1$string$len + 116324
6   chromedriver                        0x0000000104afe028 cxxbridge1$string$len + 375640
7   chromedriver                        0x0000000104b3804c cxxbridge1$string$len + 613244
8   chromedriver                        0x0000000104b367d0 cxxbridge1$string$len + 606976
9   chromedriver                        0x0000000104af112c cxxbridge1$string$len + 322652
10  chromedriver                        0x0000000104af1d7c cxxbridge1$string$len + 325804
11  chromedriver                        0x0000000104e74504 cxxbridge1$str$ptr + 1678560
12  chromedriver                        0x0000000104e78e6c cxxbridge1$str$ptr + 1697352
13  chromedriver                        0x0000000104e59618 cxxbridge1$str$ptr + 1568244
14  chromedriver                        0x0000000104e7973c cxxbridge1$str$ptr + 1699608
15  chromedriver                        0x0000000104e4abbc cxxbridge1$str$ptr + 1508248
16  chromedriver                        0x0000000104e95854 cxxbridge1$str$ptr + 1814576
17  chromedriver                        0x0000000104e959ac cxxbridge1$str$ptr + 1814920
18  chromedriver                        0x0000000104ea43fc cxxbridge1$str$ptr + 1874904
19  libsystem_pthread.dylib             0x000000019e54af94 _pthread_start + 136
20  libsystem_pthread.dylib             0x000000019e545d34 thread_start + 8
</msg>
<arg>${locator}</arg>
<doc>Verifies that current page contains ``text``.</doc>
<status status="FAIL" start="2024-10-14T22:00:44.830551" elapsed="0.311091">StaleElementReferenceException: Message: stale element reference: stale element not found in the current frame
  (Session info: chrome=129.0.6668.101); For documentation on this error, please visit: https://www.selenium.dev/documentation/webdriver/troubleshooting/errors#stale-element-reference-exception
Stacktrace:
0   chromedriver                        0x0000000104eac274 cxxbridge1$str$ptr + 1907280
1   chromedriver                        0x0000000104ea475c cxxbridge1$str$ptr + 1875768
2   chromedriver                        0x0000000104ab8260 cxxbridge1$string$len + 89488
3   chromedriver                        0x0000000104abd34c cxxbridge1$string$len + 110204
4   chromedriver                        0x0000000104abeabc cxxbridge1$string$len + 116204
5   chromedriver                        0x0000000104abeb34 cxxbridge1$string$len + 116324
6   chromedriver                        0x0000000104afe028 cxxbridge1$string$len + 375640
    [ Message content over the limit has been removed. ]
...er                        0x0000000104af1d7c cxxbridge1$string$len + 325804
11  chromedriver                        0x0000000104e74504 cxxbridge1$str$ptr + 1678560
12  chromedriver                        0x0000000104e78e6c cxxbridge1$str$ptr + 1697352
13  chromedriver                        0x0000000104e59618 cxxbridge1$str$ptr + 1568244
14  chromedriver                        0x0000000104e7973c cxxbridge1$str$ptr + 1699608
15  chromedriver                        0x0000000104e4abbc cxxbridge1$str$ptr + 1508248
16  chromedriver                        0x0000000104e95854 cxxbridge1$str$ptr + 1814576
17  chromedriver                        0x0000000104e959ac cxxbridge1$str$ptr + 1814920
18  chromedriver                        0x0000000104ea43fc cxxbridge1$str$ptr + 1874904
19  libsystem_pthread.dylib             0x000000019e54af94 _pthread_start + 136
20  libsystem_pthread.dylib             0x000000019e545d34 thread_start + 8</status>
</kw>
<kw name="Page Should Contain" owner="SeleniumLibrary">
<msg time="2024-10-14T22:00:47.448567" level="INFO" html="true">&lt;/td&gt;&lt;/tr&gt;&lt;tr&gt;&lt;td colspan="3"&gt;&lt;a href="selenium-screenshot-3.png"&gt;&lt;img src="selenium-screenshot-3.png" width="800px"&gt;&lt;/a&gt;</msg>
<msg time="2024-10-14T22:00:47.448646" level="FAIL">Page should have contained text 'ระบบได้ส่งรหัส OTP ไปยังเบอร์โทรศัพท์' but did not.</msg>
<arg>${locator}</arg>
<doc>Verifies that current page contains ``text``.</doc>
<status status="FAIL" start="2024-10-14T22:00:47.143713" elapsed="0.305100">Page should have contained text 'ระบบได้ส่งรหัส OTP ไปยังเบอร์โทรศัพท์' but did not.</status>
</kw>
<kw name="Page Should Contain" owner="SeleniumLibrary">
<msg time="2024-10-14T22:00:49.463524" level="INFO">Current page contains text 'ระบบได้ส่งรหัส OTP ไปยังเบอร์โทรศัพท์'.</msg>
<arg>${locator}</arg>
<doc>Verifies that current page contains ``text``.</doc>
<status status="PASS" start="2024-10-14T22:00:49.449901" elapsed="0.013739"/>
</kw>
<arg>5x</arg>
<arg>2s</arg>
<arg>Page Should Contain</arg>
<arg>${locator}</arg>
<doc>Runs the specified keyword and retries if it fails.</doc>
<status status="PASS" start="2024-10-14T22:00:44.830449" elapsed="4.633297"/>
</kw>
<arg>${expected_text}</arg>
<status status="PASS" start="2024-10-14T22:00:44.830284" elapsed="4.633556"/>
</kw>
<status status="PASS" start="2024-10-14T22:00:44.830063" elapsed="4.633841"/>
</kw>
<kw name="Sleep" owner="BuiltIn">
<msg time="2024-10-14T22:00:51.465040" level="INFO">Slept 2 seconds.</msg>
<arg>2s</arg>
<doc>Pauses the test executed for the given time.</doc>
<status status="PASS" start="2024-10-14T22:00:49.464143" elapsed="2.000969"/>
</kw>
<status status="PASS" start="2024-10-14T22:00:40.969439" elapsed="10.495988"/>
</test>
<kw name="Close Browser" owner="SeleniumLibrary" type="TEARDOWN">
<doc>Closes the current browser.</doc>
<status status="PASS" start="2024-10-14T22:00:51.465938" elapsed="0.124720"/>
</kw>
<status status="PASS" start="2024-10-14T22:00:39.445912" elapsed="12.144801"/>
</suite>
<statistics>
<total>
<stat pass="1" fail="0" skip="0">All Tests</stat>
</total>
<tag>
</tag>
<suite>
<stat pass="1" fail="0" skip="0" id="s1" name="FutureSkillRegis">FutureSkillRegis</stat>
</suite>
</statistics>
<errors>
</errors>
</robot>
